0 info it worked if it ends with ok
<<<<<<< HEAD
1 verbose cli [ '/usr/bin/node', '/usr/bin/npm', 'install', 'fs' ]
=======
1 verbose cli [ '/usr/bin/node', '/usr/bin/npm', 'install', 'child_process' ]
>>>>>>> 93196ab510e88e2859c136b061fd3dc353dbfaf9
2 info using npm@1.3.2
3 info using node@v0.10.13
4 verbose node symlink /usr/bin/node
5 verbose readDependencies using package.json deps
<<<<<<< HEAD
6 verbose cache add [ 'fs', null ]
7 verbose cache add name=undefined spec="fs" args=["fs",null]
=======
6 verbose cache add [ 'child_process', null ]
7 verbose cache add name=undefined spec="child_process" args=["child_process",null]
>>>>>>> 93196ab510e88e2859c136b061fd3dc353dbfaf9
8 verbose parsed url { protocol: null,
8 verbose parsed url   slashes: null,
8 verbose parsed url   auth: null,
8 verbose parsed url   host: null,
8 verbose parsed url   port: null,
8 verbose parsed url   hostname: null,
8 verbose parsed url   hash: null,
8 verbose parsed url   search: null,
8 verbose parsed url   query: null,
<<<<<<< HEAD
8 verbose parsed url   pathname: 'fs',
8 verbose parsed url   path: 'fs',
8 verbose parsed url   href: 'fs' }
9 silly lockFile 3f4bb586-fs fs
10 verbose lock fs /home/cbarnes/.npm/3f4bb586-fs.lock
11 silly lockFile 3f4bb586-fs fs
12 silly lockFile 3f4bb586-fs fs
13 verbose addNamed [ 'fs', '' ]
14 verbose addNamed [ null, '*' ]
15 silly lockFile a107b96b-fs fs@
16 verbose lock fs@ /home/cbarnes/.npm/a107b96b-fs.lock
17 silly addNameRange { name: 'fs', range: '*', hasData: false }
18 verbose url raw fs
19 verbose url resolving [ 'https://registry.npmjs.org/', './fs' ]
20 verbose url resolved https://registry.npmjs.org/fs
21 info trying registry request attempt 1 at 14:45:31
22 http GET https://registry.npmjs.org/fs
23 http 404 https://registry.npmjs.org/fs
24 silly registry.get cb [ 404,
24 silly registry.get   { server: 'CouchDB/1.3.0 (Erlang OTP/R15B03)',
24 silly registry.get     date: 'Tue, 06 Aug 2013 18:45:32 GMT',
24 silly registry.get     'content-type': 'application/json',
24 silly registry.get     'content-length': '52',
24 silly registry.get     'cache-control': 'must-revalidate' } ]
25 silly lockFile a107b96b-fs fs@
26 silly lockFile a107b96b-fs fs@
27 error 404 'fs' is not in the npm registry.
=======
8 verbose parsed url   pathname: 'child_process',
8 verbose parsed url   path: 'child_process',
8 verbose parsed url   href: 'child_process' }
9 silly lockFile 4845fa97-child-process child_process
10 verbose lock child_process /home/cbarnes/.npm/4845fa97-child-process.lock
11 silly lockFile 4845fa97-child-process child_process
12 silly lockFile 4845fa97-child-process child_process
13 verbose addNamed [ 'child_process', '' ]
14 verbose addNamed [ null, '*' ]
15 silly lockFile 512a7ef6-child-process child_process@
16 verbose lock child_process@ /home/cbarnes/.npm/512a7ef6-child-process.lock
17 silly addNameRange { name: 'child_process', range: '*', hasData: false }
18 verbose url raw child_process
19 verbose url resolving [ 'https://registry.npmjs.org/', './child_process' ]
20 verbose url resolved https://registry.npmjs.org/child_process
21 info trying registry request attempt 1 at 15:40:40
22 http GET https://registry.npmjs.org/child_process
23 http 404 https://registry.npmjs.org/child_process
24 silly registry.get cb [ 404,
24 silly registry.get   { server: 'CouchDB/1.3.0 (Erlang OTP/R15B03)',
24 silly registry.get     date: 'Fri, 26 Jul 2013 19:40:39 GMT',
24 silly registry.get     'content-type': 'application/json',
24 silly registry.get     'content-length': '52',
24 silly registry.get     'cache-control': 'must-revalidate' } ]
25 silly lockFile 512a7ef6-child-process child_process@
26 silly lockFile 512a7ef6-child-process child_process@
27 error 404 'child_process' is not in the npm registry.
>>>>>>> 93196ab510e88e2859c136b061fd3dc353dbfaf9
27 error 404 You should bug the author to publish it
27 error 404
27 error 404 Note that you can also install from a
27 error 404 tarball, folder, or http url, or git url.
28 error System Linux 3.10.0-3-generic
<<<<<<< HEAD
29 error command "/usr/bin/node" "/usr/bin/npm" "install" "fs"
=======
29 error command "/usr/bin/node" "/usr/bin/npm" "install" "child_process"
>>>>>>> 93196ab510e88e2859c136b061fd3dc353dbfaf9
30 error cwd /home/cbarnes/Downloads/screencompare
31 error node -v v0.10.13
32 error npm -v 1.3.2
33 error code E404
34 verbose exit [ 1, true ]
